[0.169s] Invoking command in '/home/ishaan/eboat_src/build/examples_rclcpp_minimal_publisher': CMAKE_PREFIX_PATH=${CMAKE_PREFIX_PATH}:/opt/ros/kilted /usr/bin/cmake /home/ishaan/eboat_src/ros_ws/src/examples/rclcpp/topics/minimal_publisher -DCMAKE_INSTALL_PREFIX=/home/ishaan/eboat_src/install/examples_rclcpp_minimal_publisher
[0.543s] -- The C compiler identification is GNU 13.3.0
[1.510s] -- The CXX compiler identification is GNU 13.3.0
[2.500s] -- Detecting C compiler ABI info
[2.850s] -- Detecting C compiler ABI info - done
[2.858s] -- Check for working C compiler: /usr/bin/cc - skipped
[2.858s] -- Detecting C compile features
[2.859s] -- Detecting C compile features - done
[2.978s] -- Detecting CXX compiler ABI info
[3.317s] -- Detecting CXX compiler ABI info - done
[3.329s] -- Check for working CXX compiler: /usr/bin/c++ - skipped
[3.329s] -- Detecting CXX compile features
[3.330s] -- Detecting CXX compile features - done
[3.338s] -- Found ament_cmake: 2.7.3 (/opt/ros/kilted/share/ament_cmake/cmake)
[3.469s] -- Found Python3: /usr/bin/python3 (found version "3.12.3") found components: Interpreter 
[3.642s] -- Found rclcpp: 29.5.2 (/opt/ros/kilted/share/rclcpp/cmake)
[3.870s] -- Found rosidl_generator_c: 4.9.5 (/opt/ros/kilted/share/rosidl_generator_c/cmake)
[3.890s] -- Found rosidl_generator_cpp: 4.9.5 (/opt/ros/kilted/share/rosidl_generator_cpp/cmake)
[3.916s] -- Using all available rosidl_typesupport_c: rosidl_typesupport_fastrtps_c;rosidl_typesupport_introspection_c
[3.939s] -- Using all available rosidl_typesupport_cpp: rosidl_typesupport_fastrtps_cpp;rosidl_typesupport_introspection_cpp
[4.041s] -- Found rmw_implementation_cmake: 7.8.2 (/opt/ros/kilted/share/rmw_implementation_cmake/cmake)
[4.046s] -- Found rmw_fastrtps_cpp: 9.3.2 (/opt/ros/kilted/share/rmw_fastrtps_cpp/cmake)
[4.191s] -- Found OpenSSL: /usr/lib/x86_64-linux-gnu/libcrypto.so (found version "3.0.13")  
[4.211s] -- Using RMW implementation 'rmw_fastrtps_cpp' as default
[4.598s] -- Found std_msgs: 5.5.0 (/opt/ros/kilted/share/std_msgs/cmake)
[4.618s] -- Found ament_lint_auto: 0.19.2 (/opt/ros/kilted/share/ament_lint_auto/cmake)
[4.719s] -- Added test 'copyright' to check source files copyright and LICENSE
[4.721s] -- Added test 'cppcheck' to perform static code analysis on C / C++ code
[4.721s] -- Configured cppcheck include dirs: 
[4.721s] -- Configured cppcheck exclude dirs and/or files: 
[4.723s] -- Added test 'cpplint' to check C / C++ code against the Google style
[4.723s] -- Configured cpplint exclude dirs and/or files: 
[4.724s] -- Added test 'lint_cmake' to check CMake code style
[4.725s] -- Added test 'uncrustify' to check C / C++ code style
[4.725s] -- Configured uncrustify additional arguments: 
[4.726s] -- Added test 'xmllint' to check XML markup files
[4.727s] -- Configuring done (4.5s)
[4.767s] -- Generating done (0.0s)
[4.773s] -- Build files have been written to: /home/ishaan/eboat_src/build/examples_rclcpp_minimal_publisher
[4.791s] Invoked command in '/home/ishaan/eboat_src/build/examples_rclcpp_minimal_publisher' returned '0': CMAKE_PREFIX_PATH=${CMAKE_PREFIX_PATH}:/opt/ros/kilted /usr/bin/cmake /home/ishaan/eboat_src/ros_ws/src/examples/rclcpp/topics/minimal_publisher -DCMAKE_INSTALL_PREFIX=/home/ishaan/eboat_src/install/examples_rclcpp_minimal_publisher
[4.799s] Invoking command in '/home/ishaan/eboat_src/build/examples_rclcpp_minimal_publisher': CMAKE_PREFIX_PATH=${CMAKE_PREFIX_PATH}:/opt/ros/kilted /usr/bin/cmake --build /home/ishaan/eboat_src/build/examples_rclcpp_minimal_publisher -- -j16 -l16
[4.997s] [  8%] [32mBuilding CXX object CMakeFiles/publisher_lambda.dir/lambda.cpp.o[0m
[4.998s] [ 16%] [32mBuilding CXX object CMakeFiles/publisher_member_function.dir/member_function.cpp.o[0m
[4.998s] [ 25%] [32mBuilding CXX object CMakeFiles/publisher_wait_for_all_acked.dir/member_function_with_wait_for_all_acked.cpp.o[0m
[4.998s] [ 33%] [32mBuilding CXX object CMakeFiles/publisher_not_composable.dir/not_composable.cpp.o[0m
[4.999s] [ 41%] [32mBuilding CXX object CMakeFiles/publisher_member_function_with_unique_network_flow_endpoints.dir/member_function_with_unique_network_flow_endpoints.cpp.o[0m
[4.999s] [ 50%] [32mBuilding CXX object CMakeFiles/publisher_member_function_with_type_adapter.dir/member_function_with_type_adapter.cpp.o[0m
[22.273s] gmake[2]: *** [CMakeFiles/publisher_lambda.dir/build.make:76: CMakeFiles/publisher_lambda.dir/lambda.cpp.o] Interrupt
[22.275s] gmake[2]: *** wait: No child processes.  Stop.
[22.275s] gmake[2]: *** Waiting for unfinished jobs....
[22.275s] gmake[2]: *** wait: No child processes.  Stop.
[22.275s] gmake[2]: *** [CMakeFiles/publisher_wait_for_all_acked.dir/build.make:76: CMakeFiles/publisher_wait_for_all_acked.dir/member_function_with_wait_for_all_acked.cpp.o] Interrupt
[22.275s] gmake[1]: *** [CMakeFiles/Makefile2:147: CMakeFiles/publisher_lambda.dir/all] Interrupt
[22.275s] gmake[1]: *** [CMakeFiles/Makefile2:225: CMakeFiles/publisher_member_function_with_unique_network_flow_endpoints.dir/all] Error 2
[22.275s] gmake[1]: *** [CMakeFiles/Makefile2:251: CMakeFiles/publisher_wait_for_all_acked.dir/all] Interrupt
[22.306s] gmake[2]: *** [CMakeFiles/publisher_member_function.dir/build.make:76: CMakeFiles/publisher_member_function.dir/member_function.cpp.o] Interrupt
[22.306s] gmake[1]: *** [CMakeFiles/Makefile2:173: CMakeFiles/publisher_member_function.dir/all] Interrupt
[22.306s] gmake[2]: *** [CMakeFiles/publisher_not_composable.dir/build.make:76: CMakeFiles/publisher_not_composable.dir/not_composable.cpp.o] Interrupt
[22.306s] gmake[1]: *** [CMakeFiles/Makefile2:277: CMakeFiles/publisher_not_composable.dir/all] Interrupt
[22.306s] gmake[2]: *** [CMakeFiles/publisher_member_function_with_type_adapter.dir/build.make:76: CMakeFiles/publisher_member_function_with_type_adapter.dir/member_function_with_type_adapter.cpp.o] Interrupt
[22.306s] gmake[1]: *** [CMakeFiles/Makefile2:199: CMakeFiles/publisher_member_function_with_type_adapter.dir/all] Interrupt
[22.308s] gmake: *** [Makefile:146: all] Interrupt
