[0.169s] Invoking command in '/home/ishaan/eboat_src/build/examples_rclcpp_wait_set': CMAKE_PREFIX_PATH=${CMAKE_PREFIX_PATH}:/opt/ros/kilted /usr/bin/cmake /home/ishaan/eboat_src/ros_ws/src/examples/rclcpp/wait_set -DCMAKE_INSTALL_PREFIX=/home/ishaan/eboat_src/install/examples_rclcpp_wait_set
[4.780s] -- The C compiler identification is GNU 13.3.0
[4.780s] -- The CXX compiler identification is GNU 13.3.0
[4.780s] -- Detecting C compiler ABI info
[4.781s] -- Detecting C compiler ABI info - done
[4.781s] -- Check for working C compiler: /usr/bin/cc - skipped
[4.781s] -- Detecting C compile features
[4.782s] -- Detecting C compile features - done
[4.782s] -- Detecting CXX compiler ABI info
[4.782s] -- Detecting CXX compiler ABI info - done
[4.782s] -- Check for working CXX compiler: /usr/bin/c++ - skipped
[4.782s] -- Detecting CXX compile features
[4.783s] -- Detecting CXX compile features - done
[4.783s] -- Found ament_cmake: 2.7.3 (/opt/ros/kilted/share/ament_cmake/cmake)
[4.783s] -- Found Python3: /usr/bin/python3 (found version "3.12.3") found components: Interpreter 
[4.783s] -- Found example_interfaces: 0.13.0 (/opt/ros/kilted/share/example_interfaces/cmake)
[4.783s] -- Found rosidl_generator_c: 4.9.5 (/opt/ros/kilted/share/rosidl_generator_c/cmake)
[4.784s] -- Found rosidl_generator_cpp: 4.9.5 (/opt/ros/kilted/share/rosidl_generator_cpp/cmake)
[4.784s] -- Using all available rosidl_typesupport_c: rosidl_typesupport_fastrtps_c;rosidl_typesupport_introspection_c
[4.784s] -- Using all available rosidl_typesupport_cpp: rosidl_typesupport_fastrtps_cpp;rosidl_typesupport_introspection_cpp
[4.785s] -- Found rclcpp: 29.5.2 (/opt/ros/kilted/share/rclcpp/cmake)
[4.785s] -- Found rmw_implementation_cmake: 7.8.2 (/opt/ros/kilted/share/rmw_implementation_cmake/cmake)
[4.785s] -- Found rmw_fastrtps_cpp: 9.3.2 (/opt/ros/kilted/share/rmw_fastrtps_cpp/cmake)
[4.786s] -- Found OpenSSL: /usr/lib/x86_64-linux-gnu/libcrypto.so (found version "3.0.13")  
[4.786s] -- Using RMW implementation 'rmw_fastrtps_cpp' as default
[4.786s] -- Found rclcpp_components: 29.5.2 (/opt/ros/kilted/share/rclcpp_components/cmake)
[4.786s] -- Found std_msgs: 5.5.0 (/opt/ros/kilted/share/std_msgs/cmake)
[4.793s] -- Found ament_lint_auto: 0.19.2 (/opt/ros/kilted/share/ament_lint_auto/cmake)
[4.991s] -- Added test 'copyright' to check source files copyright and LICENSE
[4.992s] -- Added test 'cppcheck' to perform static code analysis on C / C++ code
[4.993s] -- Configured cppcheck include dirs: /home/ishaan/eboat_src/ros_ws/src/examples/rclcpp/wait_set/include
[4.993s] -- Configured cppcheck exclude dirs and/or files: 
[4.994s] -- Added test 'cpplint' to check C / C++ code against the Google style
[4.995s] -- Configured cpplint exclude dirs and/or files: 
[4.995s] -- Added test 'lint_cmake' to check CMake code style
[4.995s] -- Added test 'uncrustify' to check C / C++ code style
[4.996s] -- Configured uncrustify additional arguments: 
[4.996s] -- Added test 'xmllint' to check XML markup files
[4.997s] -- Configuring done (4.8s)
[5.056s] -- Generating done (0.0s)
[5.078s] -- Build files have been written to: /home/ishaan/eboat_src/build/examples_rclcpp_wait_set
[7.489s] Invoked command in '/home/ishaan/eboat_src/build/examples_rclcpp_wait_set' returned '0': CMAKE_PREFIX_PATH=${CMAKE_PREFIX_PATH}:/opt/ros/kilted /usr/bin/cmake /home/ishaan/eboat_src/ros_ws/src/examples/rclcpp/wait_set -DCMAKE_INSTALL_PREFIX=/home/ishaan/eboat_src/install/examples_rclcpp_wait_set
[7.489s] Invoking command in '/home/ishaan/eboat_src/build/examples_rclcpp_wait_set': CMAKE_PREFIX_PATH=${CMAKE_PREFIX_PATH}:/opt/ros/kilted /usr/bin/cmake --build /home/ishaan/eboat_src/build/examples_rclcpp_wait_set -- -j16 -l16
[22.404s] [  4%] [32mBuilding CXX object CMakeFiles/talker.dir/src/talker.cpp.o[0m
[22.413s] [  8%] [32mBuilding CXX object CMakeFiles/listener.dir/src/listener.cpp.o[0m
[22.414s] [ 12%] [32mBuilding CXX object CMakeFiles/static_wait_set.dir/src/static_wait_set.cpp.o[0m
[22.414s] [ 16%] [32mBuilding CXX object CMakeFiles/wait_set_listener.dir/rclcpp_components/node_main_wait_set_listener.cpp.o[0m
[22.414s] [ 20%] [32mBuilding CXX object CMakeFiles/wait_set.dir/src/wait_set.cpp.o[0m
[22.414s] [ 25%] [32mBuilding CXX object CMakeFiles/wait_set_talker.dir/rclcpp_components/node_main_wait_set_talker.cpp.o[0m
[22.414s] [ 29%] [32mBuilding CXX object CMakeFiles/wait_set_topics_and_timer.dir/src/wait_set_topics_and_timer.cpp.o[0m
[22.414s] [ 33%] [32mBuilding CXX object CMakeFiles/executor_random_order.dir/src/executor_random_order.cpp.o[0m
[22.415s] [ 37%] [32mBuilding CXX object CMakeFiles/thread_safe_wait_set.dir/src/thread_safe_wait_set.cpp.o[0m
[22.415s] [ 41%] [32mBuilding CXX object CMakeFiles/wait_set_random_order.dir/src/wait_set_random_order.cpp.o[0m
[22.415s] [ 45%] [32mBuilding CXX object CMakeFiles/wait_set_topics_with_different_rates.dir/src/wait_set_topics_with_different_rates.cpp.o[0m
[22.415s] gmake[2]: *** [CMakeFiles/executor_random_order.dir/build.make:76: CMakeFiles/executor_random_order.dir/src/executor_random_order.cpp.o] Interrupt
[22.415s] gmake[1]: *** [CMakeFiles/Makefile2:393: CMakeFiles/executor_random_order.dir/all] Interrupt
[22.415s] gmake[2]: *** [CMakeFiles/talker.dir/build.make:76: CMakeFiles/talker.dir/src/talker.cpp.o] Interrupt
[22.421s] gmake[2]: *** wait: No child processes.  Stop.
[22.421s] gmake[2]: *** Waiting for unfinished jobs....
[22.421s] gmake[2]: *** wait: No child processes.  Stop.
[22.421s] gmake[1]: *** [CMakeFiles/Makefile2:159: CMakeFiles/talker.dir/all] Interrupt
[22.421s] gmake[1]: *** [CMakeFiles/Makefile2:211: CMakeFiles/listener.dir/all] Error 2
[22.421s] gmake[2]: *** wait: No child processes.  Stop.
[22.421s] gmake[2]: *** Waiting for unfinished jobs....
[22.422s] gmake[2]: *** wait: No child processes.  Stop.
[22.422s] gmake[2]: *** wait: No child processes.  Stop.
[22.422s] gmake[2]: *** Waiting for unfinished jobs....
[22.422s] gmake[2]: *** wait: No child processes.  Stop.
[22.422s] gmake[1]: *** [CMakeFiles/Makefile2:263: CMakeFiles/wait_set.dir/all] Error 2
[22.422s] gmake[1]: *** [CMakeFiles/Makefile2:237: CMakeFiles/wait_set_listener.dir/all] Error 2
[22.422s] gmake[2]: *** [CMakeFiles/static_wait_set.dir/build.make:76: CMakeFiles/static_wait_set.dir/src/static_wait_set.cpp.o] Interrupt
[22.422s] gmake[1]: *** [CMakeFiles/Makefile2:289: CMakeFiles/static_wait_set.dir/all] Interrupt
[22.422s] gmake[2]: *** [CMakeFiles/thread_safe_wait_set.dir/build.make:76: CMakeFiles/thread_safe_wait_set.dir/src/thread_safe_wait_set.cpp.o] Interrupt
[22.422s] gmake[1]: *** [CMakeFiles/Makefile2:315: CMakeFiles/thread_safe_wait_set.dir/all] Interrupt
[22.422s] gmake[2]: *** [CMakeFiles/wait_set_talker.dir/build.make:76: CMakeFiles/wait_set_talker.dir/rclcpp_components/node_main_wait_set_talker.cpp.o] Interrupt
[22.423s] gmake[1]: *** [CMakeFiles/Makefile2:185: CMakeFiles/wait_set_talker.dir/all] Interrupt
[22.423s] gmake[2]: *** [CMakeFiles/wait_set_topics_and_timer.dir/build.make:76: CMakeFiles/wait_set_topics_and_timer.dir/src/wait_set_topics_and_timer.cpp.o] Interrupt
[22.423s] gmake[1]: *** [CMakeFiles/Makefile2:341: CMakeFiles/wait_set_topics_and_timer.dir/all] Interrupt
[22.423s] gmake[2]: *** [CMakeFiles/wait_set_topics_with_different_rates.dir/build.make:76: CMakeFiles/wait_set_topics_with_different_rates.dir/src/wait_set_topics_with_different_rates.cpp.o] Interrupt
[22.423s] gmake[1]: *** [CMakeFiles/Makefile2:419: CMakeFiles/wait_set_topics_with_different_rates.dir/all] Interrupt
[22.423s] gmake[2]: *** [CMakeFiles/wait_set_random_order.dir/build.make:76: CMakeFiles/wait_set_random_order.dir/src/wait_set_random_order.cpp.o] Interrupt
[22.423s] gmake[1]: *** [CMakeFiles/Makefile2:367: CMakeFiles/wait_set_random_order.dir/all] Interrupt
[22.424s] gmake: *** [Makefile:146: all] Interrupt
