[0.169s] Invoking command in '/home/ishaan/eboat_src/build/examples_rclcpp_cbg_executor': CMAKE_PREFIX_PATH=${CMAKE_PREFIX_PATH}:/opt/ros/kilted /usr/bin/cmake /home/ishaan/eboat_src/ros_ws/src/examples/rclcpp/executors/cbg_executor -DCMAKE_INSTALL_PREFIX=/home/ishaan/eboat_src/install/examples_rclcpp_cbg_executor
[0.549s] -- The C compiler identification is GNU 13.3.0
[1.558s] -- The CXX compiler identification is GNU 13.3.0
[2.624s] -- Detecting C compiler ABI info
[3.009s] -- Detecting C compiler ABI info - done
[3.022s] -- Check for working C compiler: /usr/bin/cc - skipped
[3.022s] -- Detecting C compile features
[3.023s] -- Detecting C compile features - done
[3.153s] -- Detecting CXX compiler ABI info
[3.522s] -- Detecting CXX compiler ABI info - done
[3.532s] -- Check for working CXX compiler: /usr/bin/c++ - skipped
[3.532s] -- Detecting CXX compile features
[3.533s] -- Detecting CXX compile features - done
[3.535s] -- Found ament_cmake: 2.7.3 (/opt/ros/kilted/share/ament_cmake/cmake)
[3.721s] -- Found Python3: /usr/bin/python3 (found version "3.12.3") found components: Interpreter 
[3.853s] -- Found rclcpp: 29.5.2 (/opt/ros/kilted/share/rclcpp/cmake)
[4.085s] -- Found rosidl_generator_c: 4.9.5 (/opt/ros/kilted/share/rosidl_generator_c/cmake)
[4.102s] -- Found rosidl_generator_cpp: 4.9.5 (/opt/ros/kilted/share/rosidl_generator_cpp/cmake)
[4.122s] -- Using all available rosidl_typesupport_c: rosidl_typesupport_fastrtps_c;rosidl_typesupport_introspection_c
[4.147s] -- Using all available rosidl_typesupport_cpp: rosidl_typesupport_fastrtps_cpp;rosidl_typesupport_introspection_cpp
[4.235s] -- Found rmw_implementation_cmake: 7.8.2 (/opt/ros/kilted/share/rmw_implementation_cmake/cmake)
[4.238s] -- Found rmw_fastrtps_cpp: 9.3.2 (/opt/ros/kilted/share/rmw_fastrtps_cpp/cmake)
[4.358s] -- Found OpenSSL: /usr/lib/x86_64-linux-gnu/libcrypto.so (found version "3.0.13")  
[4.374s] -- Using RMW implementation 'rmw_fastrtps_cpp' as default
[4.702s] -- Found std_msgs: 5.5.0 (/opt/ros/kilted/share/std_msgs/cmake)
[4.723s] -- Found ament_lint_auto: 0.19.2 (/opt/ros/kilted/share/ament_lint_auto/cmake)
[4.890s] -- Added test 'copyright' to check source files copyright and LICENSE
[4.890s] -- Added test 'cppcheck' to perform static code analysis on C / C++ code
[4.890s] -- Configured cppcheck include dirs: /home/ishaan/eboat_src/ros_ws/src/examples/rclcpp/executors/cbg_executor/include
[4.890s] -- Configured cppcheck exclude dirs and/or files: 
[4.890s] -- Added test 'cpplint' to check C / C++ code against the Google style
[4.890s] -- Configured cpplint exclude dirs and/or files: 
[4.895s] -- Added test 'lint_cmake' to check CMake code style
[4.895s] -- Added test 'uncrustify' to check C / C++ code style
[4.895s] -- Configured uncrustify additional arguments: 
[4.895s] -- Added test 'xmllint' to check XML markup files
[4.896s] -- Configuring done (4.7s)
[4.933s] -- Generating done (0.0s)
[4.936s] -- Build files have been written to: /home/ishaan/eboat_src/build/examples_rclcpp_cbg_executor
[5.032s] Invoked command in '/home/ishaan/eboat_src/build/examples_rclcpp_cbg_executor' returned '0': CMAKE_PREFIX_PATH=${CMAKE_PREFIX_PATH}:/opt/ros/kilted /usr/bin/cmake /home/ishaan/eboat_src/ros_ws/src/examples/rclcpp/executors/cbg_executor -DCMAKE_INSTALL_PREFIX=/home/ishaan/eboat_src/install/examples_rclcpp_cbg_executor
[5.034s] Invoking command in '/home/ishaan/eboat_src/build/examples_rclcpp_cbg_executor': CMAKE_PREFIX_PATH=${CMAKE_PREFIX_PATH}:/opt/ros/kilted /usr/bin/cmake --build /home/ishaan/eboat_src/build/examples_rclcpp_cbg_executor -- -j16 -l16
[5.096s] [ 10%] [32mBuilding CXX object CMakeFiles/ping.dir/src/ping.cpp.o[0m
[5.097s] [ 20%] [32mBuilding CXX object CMakeFiles/pong.dir/src/examples_rclcpp_cbg_executor/pong_node.cpp.o[0m
[5.100s] [ 30%] [32mBuilding CXX object CMakeFiles/ping.dir/src/examples_rclcpp_cbg_executor/ping_node.cpp.o[0m
[5.101s] [ 40%] [32mBuilding CXX object CMakeFiles/pong.dir/src/pong.cpp.o[0m
[5.105s] [ 50%] [32mBuilding CXX object CMakeFiles/ping_pong.dir/src/ping_pong.cpp.o[0m
[5.106s] [ 60%] [32mBuilding CXX object CMakeFiles/ping_pong.dir/src/examples_rclcpp_cbg_executor/pong_node.cpp.o[0m
[5.110s] [ 70%] [32mBuilding CXX object CMakeFiles/ping_pong.dir/src/examples_rclcpp_cbg_executor/ping_node.cpp.o[0m
[22.300s] gmake[2]: *** [CMakeFiles/ping_pong.dir/build.make:104: CMakeFiles/ping_pong.dir/src/examples_rclcpp_cbg_executor/pong_node.cpp.o] Interrupt
[22.310s] gmake[2]: *** [CMakeFiles/ping_pong.dir/build.make:90: CMakeFiles/ping_pong.dir/src/examples_rclcpp_cbg_executor/ping_node.cpp.o] Interrupt
[22.310s] gmake[2]: *** [CMakeFiles/ping_pong.dir/build.make:76: CMakeFiles/ping_pong.dir/src/ping_pong.cpp.o] Interrupt
[22.310s] gmake[2]: *** [CMakeFiles/ping.dir/build.make:76: CMakeFiles/ping.dir/src/ping.cpp.o] Interrupt
[22.310s] gmake[1]: *** [CMakeFiles/Makefile2:193: CMakeFiles/ping_pong.dir/all] Interrupt
[22.310s] gmake[2]: *** [CMakeFiles/pong.dir/build.make:90: CMakeFiles/pong.dir/src/examples_rclcpp_cbg_executor/pong_node.cpp.o] Interrupt
[22.310s] gmake[2]: *** wait: No child processes.  Stop.
[22.310s] gmake[2]: *** Waiting for unfinished jobs....
[22.310s] gmake[2]: *** wait: No child processes.  Stop.
[22.310s] gmake[1]: *** [CMakeFiles/Makefile2:167: CMakeFiles/pong.dir/all] Error 2
[22.310s] gmake[2]: *** [CMakeFiles/ping.dir/build.make:90: CMakeFiles/ping.dir/src/examples_rclcpp_cbg_executor/ping_node.cpp.o] Interrupt
[22.310s] gmake[1]: *** [CMakeFiles/Makefile2:141: CMakeFiles/ping.dir/all] Interrupt
[22.311s] gmake: *** [Makefile:146: all] Interrupt
